<?xml version="1.0" encoding="UTF-8"?>
<!-- Generated by org.testng.reporters.JUnitXMLReporter -->
<testsuite hostname="C02ZF01TNCM3" ignored="4" name="Default test" tests="1" failures="0" timestamp="17 Apr 2020 07:12:44 GMT" time="2.828" errors="0">
  <testcase name="getALlCOuntry" time="2.808" classname="restassured.poc.learning.SampleGet"/>
  <testcase name="test3" time="0.0" classname="restassured.poc.learning.SampleGet">
    <ignored/>
  </testcase> <!-- test3 -->
  <testcase name="test" time="0.0" classname="restassured.poc.learning.SampleGet">
    <ignored/>
  </testcase> <!-- test -->
  <testcase name="test2" time="0.0" classname="restassured.poc.learning.SampleGet">
    <ignored/>
  </testcase> <!-- test2 -->
  <testcase name="test1" time="0.0" classname="restassured.poc.learning.SampleGet">
    <ignored/>
  </testcase> <!-- test1 -->
</testsuite> <!-- Default test -->
