<?xml version="1.0" encoding="UTF-8"?>
<!-- Generated by org.testng.reporters.JUnitXMLReporter -->
<testsuite hostname="VINITGPF0TUCZM" ignored="1" name="Default test" tests="1" failures="0" timestamp="09 Oct 2019 18:05:40 GMT" time="6.654" errors="0">
  <testcase name="implicitWait" time="6.649" classname="com.idm.ui.basic.WaitInSelenium"/>
  <testcase name="withNormalWait" time="0.0" classname="com.idm.ui.basic.WaitInSelenium">
    <ignored/>
  </testcase> <!-- withNormalWait -->
</testsuite> <!-- Default test -->
