<?xml version="1.0" encoding="UTF-8"?>
<!-- Generated by org.testng.reporters.JUnitXMLReporter -->
<testsuite hostname="VINITGPF0TUCZM" ignored="0" name="Test" tests="3" failures="0" timestamp="02 Oct 2019 11:50:05 GMT" time="0.016" errors="0">
  <testcase name="test1" time="0.0" classname="com.idm.testng.TestSeleniumUsingCommandPrompt"/>
  <testcase name="test2" time="0.0" classname="com.idm.testng.TestSeleniumUsingCommandPrompt"/>
  <testcase name="test3" time="0.0" classname="com.idm.testng.TestSeleniumUsingCommandPrompt"/>
</testsuite> <!-- Test -->
