<?xml version="1.0" encoding="UTF-8"?>
<testng-results skipped="0" failed="0" ignored="0" total="3" passed="3">
  <reporter-output>
  </reporter-output>
  <suite name="Suite" duration-ms="16" started-at="2019-10-02T11:50:05Z" finished-at="2019-10-02T11:50:05Z">
    <groups>
    </groups>
    <test name="Test" duration-ms="16" started-at="2019-10-02T11:50:05Z" finished-at="2019-10-02T11:50:05Z">
      <class name="com.idm.testng.TestSeleniumUsingCommandPrompt">
        <test-method status="PASS" signature="test2()[pri:0, instance:com.idm.testng.TestSeleniumUsingCommandPrompt@711f39f9]" name="test2" duration-ms="0" started-at="2019-10-02T11:50:05Z" finished-at="2019-10-02T11:50:05Z">
          <reporter-output>
          </reporter-output>
        </test-method> <!-- test2 -->
        <test-method status="PASS" signature="test3()[pri:0, instance:com.idm.testng.TestSeleniumUsingCommandPrompt@711f39f9]" name="test3" duration-ms="0" started-at="2019-10-02T11:50:05Z" finished-at="2019-10-02T11:50:05Z">
          <reporter-output>
          </reporter-output>
        </test-method> <!-- test3 -->
        <test-method status="PASS" signature="test1()[pri:0, instance:com.idm.testng.TestSeleniumUsingCommandPrompt@711f39f9]" name="test1" duration-ms="0" started-at="2019-10-02T11:50:05Z" finished-at="2019-10-02T11:50:05Z">
          <reporter-output>
          </reporter-output>
        </test-method> <!-- test1 -->
      </class> <!-- com.idm.testng.TestSeleniumUsingCommandPrompt -->
    </test> <!-- Test -->
  </suite> <!-- Suite -->
</testng-results>
