<?xml version="1.0" encoding="UTF-8"?>
<testsuite xmlns:xsi="http://www.w3.org/2001/XMLSchema-instance" xsi:noNamespaceSchemaLocation="https://maven.apache.org/surefire/maven-surefire-plugin/xsd/surefire-test-report.xsd" name="TestSuite" time="29.951" tests="3" errors="0" skipped="0" failures="0">
  <properties>
[...]
</properties>
  <testcase name="executSessionThree" classname="com.testng.ParallelExecution" time="24.983"/>
  <testcase name="executSessionOne" classname="com.testng.ParallelExecution" time="27.65"/>
  <testcase name="executeSessionTwo" classname="com.testng.ParallelExecution" time="29.238"/>
</testsuite>