<?xml version="1.0" encoding="UTF-8"?>
<testng-results skipped="0" failed="0" ignored="0" total="3" passed="3">
  <reporter-output>
  </reporter-output>
  <suite name="Suite" duration-ms="29254" started-at="2019-10-09T05:00:35Z" finished-at="2019-10-09T05:01:04Z">
    <groups>
    </groups>
    <test name="ParallelTest" duration-ms="29254" started-at="2019-10-09T05:00:35Z" finished-at="2019-10-09T05:01:04Z">
      <class name="com.testng.ParallelExecution">
        <test-method status="PASS" signature="beforeSuite()[pri:0, instance:com.testng.ParallelExecution@53f65459]" name="beforeSuite" is-config="true" duration-ms="8" started-at="2019-10-09T05:00:35Z" finished-at="2019-10-09T05:00:35Z">
          <reporter-output>
          </reporter-output>
        </test-method> <!-- beforeSuite -->
        <test-method status="PASS" signature="executSessionThree()[pri:0, instance:com.testng.ParallelExecution@53f65459]" name="executSessionThree" duration-ms="24983" started-at="2019-10-09T05:00:35Z" finished-at="2019-10-09T05:01:00Z">
          <reporter-output>
          </reporter-output>
        </test-method> <!-- executSessionThree -->
        <test-method status="PASS" signature="executSessionOne()[pri:0, instance:com.testng.ParallelExecution@53f65459]" name="executSessionOne" duration-ms="27651" started-at="2019-10-09T05:00:35Z" finished-at="2019-10-09T05:01:02Z">
          <reporter-output>
          </reporter-output>
        </test-method> <!-- executSessionOne -->
        <test-method status="PASS" signature="executeSessionTwo()[pri:0, instance:com.testng.ParallelExecution@53f65459]" name="executeSessionTwo" duration-ms="29239" started-at="2019-10-09T05:00:35Z" finished-at="2019-10-09T05:01:04Z">
          <reporter-output>
          </reporter-output>
        </test-method> <!-- executeSessionTwo -->
      </class> <!-- com.testng.ParallelExecution -->
    </test> <!-- ParallelTest -->
  </suite> <!-- Suite -->
</testng-results>
