<?xml version="1.0" encoding="UTF-8"?>
<testng-results skipped="0" failed="0" ignored="1" total="2" passed="1">
  <reporter-output>
  </reporter-output>
  <suite name="Default suite" duration-ms="6654" started-at="2019-10-09T18:05:33Z" finished-at="2019-10-09T18:05:40Z">
    <groups>
    </groups>
    <test name="Default test" duration-ms="6654" started-at="2019-10-09T18:05:33Z" finished-at="2019-10-09T18:05:40Z">
      <class name="com.idm.ui.basic.WaitInSelenium">
        <test-method status="PASS" signature="beforeSuite()[pri:0, instance:com.idm.ui.basic.WaitInSelenium@51c8530f]" name="beforeSuite" is-config="true" duration-ms="9" started-at="2019-10-09T18:05:33Z" finished-at="2019-10-09T18:05:33Z">
          <reporter-output>
          </reporter-output>
        </test-method> <!-- beforeSuite -->
        <test-method status="PASS" signature="implicitWait()[pri:0, instance:com.idm.ui.basic.WaitInSelenium@51c8530f]" name="implicitWait" duration-ms="6649" started-at="2019-10-09T18:05:33Z" finished-at="2019-10-09T18:05:40Z">
          <reporter-output>
          </reporter-output>
        </test-method> <!-- implicitWait -->
      </class> <!-- com.idm.ui.basic.WaitInSelenium -->
    </test> <!-- Default test -->
  </suite> <!-- Default suite -->
</testng-results>
